  main.cpp
C:\Users\user\Desktop\NGP텀프로젝트\NGP_CLIENT\CG_Termproject\main.cpp(266,1): warning C4326: 'main'의 반환 형식이 'int'이어야 하는데 'void'입니다.
C:\Users\user\Desktop\NGP텀프로젝트\NGP_CLIENT\CG_Termproject\main.cpp(373,2): warning C4091: 'typedef ': 변수를 선언하지 않으면 'obj' 왼쪽은 무시됩니다.
C:\Users\user\Desktop\NGP텀프로젝트\NGP_CLIENT\CG_Termproject\main.cpp(566,45): warning C4305: '인수': 'double'에서 'GLfloat'(으)로 잘립니다.
C:\Users\user\Desktop\NGP텀프로젝트\NGP_CLIENT\CG_Termproject\main.cpp(612,36): warning C4305: '인수': 'double'에서 'GLclampf'(으)로 잘립니다.
C:\Users\user\Desktop\NGP텀프로젝트\NGP_CLIENT\CG_Termproject\main.cpp(643,23): warning C4305: '-=': 'double'에서 'T'(으)로 잘립니다.
          with
          [
              T=float
          ]
C:\Users\user\Desktop\NGP텀프로젝트\NGP_CLIENT\CG_Termproject\main.cpp(644,22): warning C4305: '=': 'double'에서 'T'(으)로 잘립니다.
          with
          [
              T=float
          ]
C:\Users\user\Desktop\NGP텀프로젝트\NGP_CLIENT\CG_Termproject\main.cpp(752,18): warning C4305: '초기화 중': 'double'에서 'float'(으)로 잘립니다.
C:\Users\user\Desktop\NGP텀프로젝트\NGP_CLIENT\CG_Termproject\main.cpp(835,63): warning C4244: '인수': 'double'에서 'float'(으)로 변환하면서 데이터가 손실될 수 있습니다.
C:\Users\user\Desktop\NGP텀프로젝트\NGP_CLIENT\CG_Termproject\main.cpp(835,47): warning C4244: '인수': 'double'에서 'float'(으)로 변환하면서 데이터가 손실될 수 있습니다.
C:\Users\user\Desktop\NGP텀프로젝트\NGP_CLIENT\CG_Termproject\main.cpp(835,31): warning C4244: '인수': 'double'에서 'float'(으)로 변환하면서 데이터가 손실될 수 있습니다.
C:\Users\user\Desktop\NGP텀프로젝트\NGP_CLIENT\CG_Termproject\main.cpp(835,15): warning C4244: '인수': 'double'에서 'float'(으)로 변환하면서 데이터가 손실될 수 있습니다.
C:\Users\user\Desktop\NGP텀프로젝트\NGP_CLIENT\CG_Termproject\main.cpp(834,100): warning C4244: '인수': 'double'에서 'float'(으)로 변환하면서 데이터가 손실될 수 있습니다.
C:\Users\user\Desktop\NGP텀프로젝트\NGP_CLIENT\CG_Termproject\main.cpp(834,79): warning C4244: '인수': 'double'에서 'float'(으)로 변환하면서 데이터가 손실될 수 있습니다.
C:\Users\user\Desktop\NGP텀프로젝트\NGP_CLIENT\CG_Termproject\main.cpp(834,58): warning C4244: '인수': 'double'에서 'float'(으)로 변환하면서 데이터가 손실될 수 있습니다.
C:\Users\user\Desktop\NGP텀프로젝트\NGP_CLIENT\CG_Termproject\main.cpp(834,37): warning C4244: '인수': 'double'에서 'float'(으)로 변환하면서 데이터가 손실될 수 있습니다.
C:\Users\user\Desktop\NGP텀프로젝트\NGP_CLIENT\CG_Termproject\main.cpp(871,62): warning C4244: '인수': 'double'에서 'float'(으)로 변환하면서 데이터가 손실될 수 있습니다.
C:\Users\user\Desktop\NGP텀프로젝트\NGP_CLIENT\CG_Termproject\main.cpp(871,46): warning C4244: '인수': 'double'에서 'float'(으)로 변환하면서 데이터가 손실될 수 있습니다.
C:\Users\user\Desktop\NGP텀프로젝트\NGP_CLIENT\CG_Termproject\main.cpp(871,30): warning C4244: '인수': 'double'에서 'float'(으)로 변환하면서 데이터가 손실될 수 있습니다.
C:\Users\user\Desktop\NGP텀프로젝트\NGP_CLIENT\CG_Termproject\main.cpp(871,14): warning C4244: '인수': 'double'에서 'float'(으)로 변환하면서 데이터가 손실될 수 있습니다.
C:\Users\user\Desktop\NGP텀프로젝트\NGP_CLIENT\CG_Termproject\main.cpp(870,87): warning C4244: '인수': 'double'에서 'float'(으)로 변환하면서 데이터가 손실될 수 있습니다.
C:\Users\user\Desktop\NGP텀프로젝트\NGP_CLIENT\CG_Termproject\main.cpp(870,69): warning C4244: '인수': 'double'에서 'float'(으)로 변환하면서 데이터가 손실될 수 있습니다.
C:\Users\user\Desktop\NGP텀프로젝트\NGP_CLIENT\CG_Termproject\main.cpp(870,51): warning C4244: '인수': 'double'에서 'float'(으)로 변환하면서 데이터가 손실될 수 있습니다.
C:\Users\user\Desktop\NGP텀프로젝트\NGP_CLIENT\CG_Termproject\main.cpp(870,33): warning C4244: '인수': 'double'에서 'float'(으)로 변환하면서 데이터가 손실될 수 있습니다.
C:\Users\user\Desktop\NGP텀프로젝트\NGP_CLIENT\CG_Termproject\main.cpp(886,62): warning C4244: '인수': 'double'에서 'float'(으)로 변환하면서 데이터가 손실될 수 있습니다.
C:\Users\user\Desktop\NGP텀프로젝트\NGP_CLIENT\CG_Termproject\main.cpp(886,46): warning C4244: '인수': 'double'에서 'float'(으)로 변환하면서 데이터가 손실될 수 있습니다.
C:\Users\user\Desktop\NGP텀프로젝트\NGP_CLIENT\CG_Termproject\main.cpp(886,30): warning C4244: '인수': 'double'에서 'float'(으)로 변환하면서 데이터가 손실될 수 있습니다.
C:\Users\user\Desktop\NGP텀프로젝트\NGP_CLIENT\CG_Termproject\main.cpp(886,14): warning C4244: '인수': 'double'에서 'float'(으)로 변환하면서 데이터가 손실될 수 있습니다.
C:\Users\user\Desktop\NGP텀프로젝트\NGP_CLIENT\CG_Termproject\main.cpp(885,87): warning C4244: '인수': 'double'에서 'float'(으)로 변환하면서 데이터가 손실될 수 있습니다.
C:\Users\user\Desktop\NGP텀프로젝트\NGP_CLIENT\CG_Termproject\main.cpp(885,69): warning C4244: '인수': 'double'에서 'float'(으)로 변환하면서 데이터가 손실될 수 있습니다.
C:\Users\user\Desktop\NGP텀프로젝트\NGP_CLIENT\CG_Termproject\main.cpp(885,51): warning C4244: '인수': 'double'에서 'float'(으)로 변환하면서 데이터가 손실될 수 있습니다.
C:\Users\user\Desktop\NGP텀프로젝트\NGP_CLIENT\CG_Termproject\main.cpp(885,33): warning C4244: '인수': 'double'에서 'float'(으)로 변환하면서 데이터가 손실될 수 있습니다.
C:\Users\user\Desktop\NGP텀프로젝트\NGP_CLIENT\CG_Termproject\main.cpp(890,16): warning C4305: '=': 'double'에서 'float'(으)로 잘립니다.
C:\Users\user\Desktop\NGP텀프로젝트\NGP_CLIENT\CG_Termproject\main.cpp(901,62): warning C4244: '인수': 'double'에서 'float'(으)로 변환하면서 데이터가 손실될 수 있습니다.
C:\Users\user\Desktop\NGP텀프로젝트\NGP_CLIENT\CG_Termproject\main.cpp(901,46): warning C4244: '인수': 'double'에서 'float'(으)로 변환하면서 데이터가 손실될 수 있습니다.
C:\Users\user\Desktop\NGP텀프로젝트\NGP_CLIENT\CG_Termproject\main.cpp(901,30): warning C4244: '인수': 'double'에서 'float'(으)로 변환하면서 데이터가 손실될 수 있습니다.
C:\Users\user\Desktop\NGP텀프로젝트\NGP_CLIENT\CG_Termproject\main.cpp(901,14): warning C4244: '인수': 'double'에서 'float'(으)로 변환하면서 데이터가 손실될 수 있습니다.
C:\Users\user\Desktop\NGP텀프로젝트\NGP_CLIENT\CG_Termproject\main.cpp(900,79): warning C4244: '인수': 'double'에서 'float'(으)로 변환하면서 데이터가 손실될 수 있습니다.
C:\Users\user\Desktop\NGP텀프로젝트\NGP_CLIENT\CG_Termproject\main.cpp(900,63): warning C4244: '인수': 'double'에서 'float'(으)로 변환하면서 데이터가 손실될 수 있습니다.
C:\Users\user\Desktop\NGP텀프로젝트\NGP_CLIENT\CG_Termproject\main.cpp(900,47): warning C4244: '인수': 'double'에서 'float'(으)로 변환하면서 데이터가 손실될 수 있습니다.
C:\Users\user\Desktop\NGP텀프로젝트\NGP_CLIENT\CG_Termproject\main.cpp(900,31): warning C4244: '인수': 'double'에서 'float'(으)로 변환하면서 데이터가 손실될 수 있습니다.
C:\Users\user\Desktop\NGP텀프로젝트\NGP_CLIENT\CG_Termproject\main.cpp(923,15): warning C4244: '=': 'int'에서 'float'(으)로 변환하면서 데이터가 손실될 수 있습니다.
C:\Users\user\Desktop\NGP텀프로젝트\NGP_CLIENT\CG_Termproject\main.cpp(924,15): warning C4244: '=': 'int'에서 'float'(으)로 변환하면서 데이터가 손실될 수 있습니다.
C:\Users\user\Desktop\NGP텀프로젝트\NGP_CLIENT\CG_Termproject\main.cpp(930,15): warning C4244: '=': 'int'에서 'float'(으)로 변환하면서 데이터가 손실될 수 있습니다.
C:\Users\user\Desktop\NGP텀프로젝트\NGP_CLIENT\CG_Termproject\main.cpp(931,15): warning C4244: '=': 'int'에서 'float'(으)로 변환하면서 데이터가 손실될 수 있습니다.
C:\Users\user\Desktop\NGP텀프로젝트\NGP_CLIENT\CG_Termproject\main.cpp(937,15): warning C4244: '=': 'int'에서 'float'(으)로 변환하면서 데이터가 손실될 수 있습니다.
C:\Users\user\Desktop\NGP텀프로젝트\NGP_CLIENT\CG_Termproject\main.cpp(938,15): warning C4244: '=': 'int'에서 'float'(으)로 변환하면서 데이터가 손실될 수 있습니다.
C:\Users\user\Desktop\NGP텀프로젝트\NGP_CLIENT\CG_Termproject\main.cpp(944,15): warning C4244: '=': 'int'에서 'float'(으)로 변환하면서 데이터가 손실될 수 있습니다.
C:\Users\user\Desktop\NGP텀프로젝트\NGP_CLIENT\CG_Termproject\main.cpp(945,15): warning C4244: '=': 'int'에서 'float'(으)로 변환하면서 데이터가 손실될 수 있습니다.
C:\Users\user\Desktop\NGP텀프로젝트\NGP_CLIENT\CG_Termproject\main.cpp(963,11): warning C4244: '=': 'int'에서 'float'(으)로 변환하면서 데이터가 손실될 수 있습니다.
C:\Users\user\Desktop\NGP텀프로젝트\NGP_CLIENT\CG_Termproject\main.cpp(964,11): warning C4244: '=': 'int'에서 'float'(으)로 변환하면서 데이터가 손실될 수 있습니다.
C:\Users\user\Desktop\NGP텀프로젝트\NGP_CLIENT\CG_Termproject\main.cpp(970,10): warning C4244: '=': 'int'에서 'float'(으)로 변환하면서 데이터가 손실될 수 있습니다.
C:\Users\user\Desktop\NGP텀프로젝트\NGP_CLIENT\CG_Termproject\main.cpp(971,10): warning C4244: '=': 'int'에서 'float'(으)로 변환하면서 데이터가 손실될 수 있습니다.
C:\Users\user\Desktop\NGP텀프로젝트\NGP_CLIENT\CG_Termproject\main.cpp(1013,31): warning C4305: '=': 'double'에서 'float'(으)로 잘립니다.
C:\Users\user\Desktop\NGP텀프로젝트\NGP_CLIENT\CG_Termproject\main.cpp(1014,31): warning C4305: '=': 'double'에서 'float'(으)로 잘립니다.
C:\Users\user\Desktop\NGP텀프로젝트\NGP_CLIENT\CG_Termproject\main.cpp(1018,24): warning C4244: '=': 'int'에서 'float'(으)로 변환하면서 데이터가 손실될 수 있습니다.
C:\Users\user\Desktop\NGP텀프로젝트\NGP_CLIENT\CG_Termproject\main.cpp(1019,24): warning C4244: '=': 'int'에서 'float'(으)로 변환하면서 데이터가 손실될 수 있습니다.
C:\Users\user\Desktop\NGP텀프로젝트\NGP_CLIENT\CG_Termproject\main.cpp(1096,22): warning C4244: '-=': 'double'에서 'float'(으)로 변환하면서 데이터가 손실될 수 있습니다.
C:\Users\user\Desktop\NGP텀프로젝트\NGP_CLIENT\CG_Termproject\main.cpp(1097,22): warning C4244: '-=': 'double'에서 'float'(으)로 변환하면서 데이터가 손실될 수 있습니다.
  코드를 생성하고 있습니다.
  11 of 573 functions ( 1.9%) were compiled, the rest were copied from previous compilation.
    0 functions were new in current compilation
    11 functions had inline decision re-evaluated but remain unchanged
  코드를 생성했습니다.
  CG_Termproject.vcxproj -> C:\Users\user\Desktop\NGP텀프로젝트\NGP_CLIENT\Release\CG_Termproject.exe
